<?xml version="1.0" encoding="UTF-8"?>
<!-- Generated by org.testng.reporters.JUnitReportReporter -->
<testsuite hostname="Minaals-MacBook-Air.local" failures="0" tests="1" name="tests.EndToEndTest" time="32.827" errors="0" timestamp="2025-10-13T01:05:41 IST" skipped="0">
  <testcase classname="tests.EndToEndTest" name="testClass5_PurchaseWorkflow" time="32.827"/>
</testsuite> <!-- tests.EndToEndTest -->
