<?xml version="1.0" encoding="UTF-8"?>
<!-- Generated by org.testng.reporters.JUnitReportReporter -->
<testsuite hostname="Minaals-MacBook-Air.local" failures="0" tests="1" name="tests.TestClass3" time="11.631" errors="0" timestamp="2025-10-13T02:15:48 IST" skipped="0">
  <testcase classname="tests.TestClass3" name="PageMetadataValidation" time="11.631"/>
</testsuite> <!-- tests.TestClass3 -->
