<?xml version="1.0" encoding="UTF-8"?>
<!-- Generated by org.testng.reporters.JUnitReportReporter -->
<testsuite hostname="Minaals-MacBook-Air.local" failures="0" tests="1" name="tests.TestClass4" time="21.539" errors="0" timestamp="2025-10-13T02:15:48 IST" skipped="0">
  <testcase classname="tests.TestClass4" name="LoginAndLogoutCheck" time="21.539"/>
</testsuite> <!-- tests.TestClass4 -->
